2022-06-09T10:44:28.371+0530 INFO Opening the WebApplication
2022-06-09T10:44:52.028+0530 INFO Successfully Opened the Web Application
2022-06-09T10:44:52.053+0530 INFO Signing up to the application
2022-06-09T10:45:01.611+0530 INFO Successfully Signedup to the application
2022-06-09T18:21:42.200+0530 INFO Opening the WebApplication
2022-06-09T18:22:04.834+0530 INFO Successfully Opened the Web Application
2022-06-09T18:22:04.851+0530 INFO Signing up to the application
2022-06-09T18:22:14.315+0530 INFO Successfully Signedup to the application
2022-06-10T10:14:11.892+0530 INFO Opening the WebApplication
2022-06-10T10:14:27.860+0530 INFO Successfully Opened the Web Application
2022-06-10T10:14:27.879+0530 INFO Signing up to the application
2022-06-10T10:14:37.485+0530 INFO Successfully Signedup to the application
2022-06-10T14:20:47.809+0530 INFO Opening the WebApplication
2022-06-10T14:21:04.046+0530 INFO Successfully Opened the Web Application
2022-06-10T14:21:04.065+0530 INFO Signing up to the application
2022-06-10T14:23:54.237+0530 INFO Opening the WebApplication
2022-06-10T14:24:09.629+0530 INFO Successfully Opened the Web Application
2022-06-10T14:24:09.649+0530 INFO Signing up to the application
2022-06-10T14:24:19.224+0530 INFO Successfully Signedup to the application
2022-06-15T09:56:33.441+0530 INFO Opening the WebApplication
2022-06-15T09:56:54.365+0530 INFO Successfully Opened the Web Application
2022-06-15T09:56:54.382+0530 INFO Signing up to the application
2022-06-15T09:57:04.100+0530 INFO Successfully Signedup to the application
2022-06-15T11:16:47.130+0530 INFO Opening the WebApplication
2022-06-15T11:17:08.237+0530 INFO Successfully Opened the Web Application
2022-06-15T11:17:08.252+0530 INFO Signing up to the application
2022-06-15T11:17:17.658+0530 INFO Successfully Signedup to the application
2022-06-15T18:30:58.234+0530 INFO Opening the WebApplication
2022-06-15T18:31:20.718+0530 INFO Successfully Opened the Web Application
2022-06-15T18:31:20.739+0530 INFO Signing up to the application
2022-06-15T18:31:30.174+0530 INFO Successfully Signedup to the application
2022-06-20T13:57:14.369+0530 INFO Opening the WebApplication
2022-06-20T13:57:28.343+0530 INFO Successfully Opened the Web Application
2022-06-20T13:57:28.356+0530 INFO Signing up to the application
2022-06-20T13:57:37.878+0530 INFO Successfully Signedup to the application
2022-06-24T17:32:02.183+0530 INFO Opening the WebApplication
2022-06-24T17:32:16.628+0530 INFO Successfully Opened the Web Application
2022-06-24T17:32:16.641+0530 INFO Signing up to the application
2022-06-24T17:32:26.174+0530 INFO Successfully Signedup to the application
2022-06-24T17:36:19.731+0530 INFO Opening the WebApplication
2022-06-24T17:36:34.050+0530 INFO Successfully Opened the Web Application
2022-06-24T17:36:34.064+0530 INFO Signing up to the application
2022-06-24T17:36:43.621+0530 INFO Successfully Signedup to the application
2022-06-24T17:40:43.173+0530 INFO Opening the WebApplication
2022-06-24T17:40:57.779+0530 INFO Successfully Opened the Web Application
2022-06-24T17:40:57.795+0530 INFO Signing up to the application
2022-06-24T17:41:07.280+0530 INFO Successfully Signedup to the application
2022-06-24T17:48:31.902+0530 INFO Opening the WebApplication
2022-06-24T17:48:46.652+0530 INFO Successfully Opened the Web Application
2022-06-24T17:48:46.664+0530 INFO Signing up to the application
2022-06-24T17:48:56.243+0530 INFO Successfully Signedup to the application
2022-06-24T17:58:34.091+0530 INFO Opening the WebApplication
2022-06-24T17:58:49.079+0530 INFO Successfully Opened the Web Application
2022-06-24T17:58:49.090+0530 INFO Signing up to the application
2022-06-24T17:58:58.666+0530 INFO Successfully Signedup to the application
2022-06-24T18:25:00.287+0530 INFO Opening the WebApplication
2022-06-24T18:25:14.240+0530 INFO Successfully Opened the Web Application
2022-06-24T18:25:14.247+0530 INFO Signing up to the application
2022-06-24T18:25:23.820+0530 INFO Successfully Signedup to the application
2022-06-24T18:33:21.162+0530 INFO Opening the WebApplication
2022-06-24T18:33:35.239+0530 INFO Successfully Opened the Web Application
2022-06-24T18:33:35.261+0530 INFO Signing up to the application
2022-06-24T18:33:44.772+0530 INFO Successfully Signedup to the application
2022-06-24T19:06:08.027+0530 INFO Opening the WebApplication
2022-06-24T19:06:22.331+0530 INFO Successfully Opened the Web Application
2022-06-24T19:06:22.349+0530 INFO Signing up to the application
2022-06-24T19:06:31.791+0530 INFO Successfully Signedup to the application
2022-06-26T12:31:33.704+0530 INFO Opening the WebApplication
2022-06-26T12:32:05.344+0530 INFO Successfully Opened the Web Application
2022-06-26T12:32:05.370+0530 INFO Signing up to the application
2022-06-26T12:32:14.851+0530 INFO Successfully Signedup to the application
2022-06-26T20:43:44.867+0530 INFO Opening the WebApplication
2022-06-26T20:44:14.568+0530 INFO Successfully Opened the Web Application
2022-06-26T20:44:14.591+0530 INFO Signing up to the application
2022-06-26T20:44:24.107+0530 INFO Successfully Signedup to the application
2022-06-26T20:58:25.953+0530 INFO Opening the WebApplication
2022-06-26T20:58:46.301+0530 INFO Successfully Opened the Web Application
2022-06-26T20:58:46.318+0530 INFO Signing up to the application
2022-06-26T20:58:55.801+0530 INFO Successfully Signedup to the application
2022-06-26T21:02:35.552+0530 INFO Opening the WebApplication
2022-06-26T21:02:54.258+0530 INFO Successfully Opened the Web Application
2022-06-26T21:02:54.289+0530 INFO Signing up to the application
2022-06-26T21:03:03.836+0530 INFO Successfully Signedup to the application
2022-06-26T21:06:54.879+0530 INFO Opening the WebApplication
2022-06-26T21:07:12.696+0530 INFO Successfully Opened the Web Application
2022-06-26T21:07:12.707+0530 INFO Signing up to the application
2022-06-26T21:07:22.240+0530 INFO Successfully Signedup to the application
2022-06-26T21:12:54.712+0530 INFO Opening the WebApplication
2022-06-26T21:13:11.398+0530 INFO Successfully Opened the Web Application
2022-06-26T21:13:11.423+0530 INFO Signing up to the application
2022-06-26T21:13:20.905+0530 INFO Successfully Signedup to the application
2022-06-26T21:15:20.627+0530 INFO Opening the WebApplication
2022-06-26T21:15:40.146+0530 INFO Successfully Opened the Web Application
2022-06-26T21:15:40.165+0530 INFO Signing up to the application
2022-06-26T21:15:49.647+0530 INFO Successfully Signedup to the application
2022-06-26T21:20:25.435+0530 INFO Opening the WebApplication
2022-06-26T21:20:42.647+0530 INFO Successfully Opened the Web Application
2022-06-26T21:20:42.675+0530 INFO Signing up to the application
2022-06-26T21:20:52.225+0530 INFO Successfully Signedup to the application
2022-06-26T21:26:03.404+0530 INFO Opening the WebApplication
2022-06-26T21:26:19.331+0530 INFO Successfully Opened the Web Application
2022-06-26T21:26:19.366+0530 INFO Signing up to the application
2022-06-26T21:26:28.917+0530 INFO Successfully Signedup to the application
2022-06-26T21:34:44.471+0530 INFO Opening the WebApplication
2022-06-26T21:35:02.833+0530 INFO Successfully Opened the Web Application
2022-06-26T21:35:02.848+0530 INFO Signing up to the application
2022-06-26T21:35:12.410+0530 INFO Successfully Signedup to the application
2022-06-26T21:47:36.364+0530 INFO Opening the WebApplication
2022-06-26T21:48:03.405+0530 INFO Successfully Opened the Web Application
2022-06-26T21:48:03.415+0530 INFO Signing up to the application
2022-06-26T21:48:12.913+0530 INFO Successfully Signedup to the application
2022-06-26T21:51:02.709+0530 INFO Opening the WebApplication
2022-06-26T21:51:34.791+0530 INFO Successfully Opened the Web Application
2022-06-26T21:51:34.814+0530 INFO Signing up to the application
2022-06-26T21:51:44.293+0530 INFO Successfully Signedup to the application
2022-06-26T21:54:36.397+0530 INFO Opening the WebApplication
2022-06-26T21:54:58.650+0530 INFO Successfully Opened the Web Application
2022-06-26T21:54:58.670+0530 INFO Signing up to the application
2022-06-26T21:55:08.152+0530 INFO Successfully Signedup to the application
2022-06-27T16:15:26.395+0530 INFO Opening the WebApplication
2022-06-27T16:15:40.286+0530 INFO Successfully Opened the Web Application
2022-06-27T16:15:40.295+0530 INFO Signing up to the application
2022-06-27T16:15:49.763+0530 INFO Successfully Signedup to the application
2022-06-27T16:17:52.597+0530 INFO Opening the WebApplication
2022-06-27T16:18:06.156+0530 INFO Successfully Opened the Web Application
2022-06-27T16:18:06.177+0530 INFO Signing up to the application
2022-06-27T16:18:15.656+0530 INFO Successfully Signedup to the application
2022-06-27T16:45:09.141+0530 INFO Opening the WebApplication
2022-06-27T16:45:24.002+0530 INFO Successfully Opened the Web Application
2022-06-27T16:45:24.032+0530 INFO Signing up to the application
2022-06-27T16:45:33.443+0530 INFO Successfully Signedup to the application
2022-06-27T16:48:31.420+0530 INFO Opening the WebApplication
2022-06-27T16:48:45.143+0530 INFO Successfully Opened the Web Application
2022-06-27T16:48:45.154+0530 INFO Signing up to the application
2022-06-27T16:48:54.602+0530 INFO Successfully Signedup to the application
2022-06-27T16:55:29.088+0530 INFO Opening the WebApplication
2022-06-27T16:55:42.989+0530 INFO Successfully Opened the Web Application
2022-06-27T16:55:43.014+0530 INFO Signing up to the application
2022-06-27T16:55:52.470+0530 INFO Successfully Signedup to the application
2022-06-27T16:59:15.305+0530 INFO Opening the WebApplication
2022-06-27T16:59:28.847+0530 INFO Successfully Opened the Web Application
2022-06-27T16:59:28.872+0530 INFO Signing up to the application
2022-06-27T16:59:38.330+0530 INFO Successfully Signedup to the application
2022-06-27T17:07:00.892+0530 INFO Opening the WebApplication
2022-06-27T17:07:14.185+0530 INFO Successfully Opened the Web Application
2022-06-27T17:07:14.209+0530 INFO Signing up to the application
2022-06-27T17:07:23.627+0530 INFO Successfully Signedup to the application
2022-06-27T17:09:43.569+0530 INFO Opening the WebApplication
2022-06-27T17:09:57.232+0530 INFO Successfully Opened the Web Application
2022-06-27T17:09:57.253+0530 INFO Signing up to the application
2022-06-27T17:10:06.742+0530 INFO Successfully Signedup to the application
2022-06-27T17:15:23.873+0530 INFO Opening the WebApplication
2022-06-27T17:15:37.309+0530 INFO Successfully Opened the Web Application
2022-06-27T17:15:37.329+0530 INFO Signing up to the application
2022-06-27T17:15:46.783+0530 INFO Successfully Signedup to the application
2022-06-27T17:23:07.894+0530 INFO Opening the WebApplication
2022-06-27T17:23:21.659+0530 INFO Successfully Opened the Web Application
2022-06-27T17:23:21.669+0530 INFO Signing up to the application
2022-06-27T17:23:31.184+0530 INFO Successfully Signedup to the application
2022-06-27T17:26:30.532+0530 INFO Opening the WebApplication
2022-06-27T17:26:44.288+0530 INFO Successfully Opened the Web Application
2022-06-27T17:26:44.314+0530 INFO Signing up to the application
2022-06-27T17:26:53.816+0530 INFO Successfully Signedup to the application
2022-06-27T17:44:35.689+0530 INFO Opening the WebApplication
2022-06-27T17:44:49.478+0530 INFO Successfully Opened the Web Application
2022-06-27T17:44:49.486+0530 INFO Signing up to the application
2022-06-27T17:44:59.057+0530 INFO Successfully Signedup to the application
2022-06-27T17:59:21.283+0530 INFO Opening the WebApplication
2022-06-27T17:59:39.337+0530 INFO Successfully Opened the Web Application
2022-06-27T17:59:39.348+0530 INFO Signing up to the application
2022-06-27T17:59:49.012+0530 INFO Successfully Signedup to the application
2022-06-27T18:07:24.970+0530 INFO Opening the WebApplication
2022-06-27T18:07:42.156+0530 INFO Successfully Opened the Web Application
2022-06-27T18:07:42.164+0530 INFO Signing up to the application
2022-06-27T18:07:51.675+0530 INFO Successfully Signedup to the application
2022-06-27T18:11:06.841+0530 INFO Opening the WebApplication
2022-06-27T18:11:10.365+0530 INFO Opening the WebApplication
2022-06-27T18:11:23.961+0530 INFO Successfully Opened the Web Application
2022-06-27T18:11:23.972+0530 INFO Signing up to the application
2022-06-27T18:11:28.241+0530 INFO Successfully Opened the Web Application
2022-06-27T18:11:28.267+0530 INFO Signing up to the application
2022-06-27T18:11:33.464+0530 INFO Successfully Signedup to the application
2022-06-27T18:11:38.034+0530 INFO Successfully Signedup to the application
2022-06-27T18:14:01.509+0530 INFO Opening the WebApplication
2022-06-27T18:14:15.810+0530 INFO Successfully Opened the Web Application
2022-06-27T18:14:15.837+0530 INFO Signing up to the application
2022-06-27T18:14:25.336+0530 INFO Successfully Signedup to the application
2022-06-27T18:19:50.684+0530 INFO Opening the WebApplication
2022-06-27T18:20:04.791+0530 INFO Successfully Opened the Web Application
2022-06-27T18:20:04.800+0530 INFO Signing up to the application
2022-06-27T18:20:14.333+0530 INFO Successfully Signedup to the application
2022-06-27T18:23:27.200+0530 INFO Opening the WebApplication
2022-06-27T18:23:41.506+0530 INFO Successfully Opened the Web Application
2022-06-27T18:23:41.517+0530 INFO Signing up to the application
2022-06-27T18:23:51.035+0530 INFO Successfully Signedup to the application
2022-06-27T18:27:29.146+0530 INFO Opening the WebApplication
2022-06-27T18:27:46.259+0530 INFO Successfully Opened the Web Application
2022-06-27T18:27:46.269+0530 INFO Signing up to the application
2022-06-27T18:27:55.723+0530 INFO Successfully Signedup to the application
2022-06-27T18:39:38.062+0530 INFO Opening the WebApplication
2022-06-27T18:39:53.333+0530 INFO Signing up to the application
2022-06-27T18:40:38.161+0530 INFO Opening the WebApplication
2022-06-27T18:40:52.778+0530 INFO Successfully Opened the Web Application
2022-06-27T18:40:52.788+0530 INFO Signing up to the application
2022-06-27T18:41:02.235+0530 INFO Successfully Signedup to the application
2022-06-27T18:47:12.182+0530 INFO Opening the WebApplication
2022-06-27T18:47:29.126+0530 INFO Successfully Opened the Web Application
2022-06-27T18:47:29.137+0530 INFO Signing up to the application
2022-06-27T18:47:38.559+0530 INFO Successfully Signedup to the application
